<?xml version="1.0" encoding="UTF-8"?>
<testng-results ignored="0" total="2" passed="2" failed="0" skipped="0">
  <reporter-output>
  </reporter-output>
  <suite started-at="2022-08-05T17:41:59 PDT" name="Default suite" finished-at="2022-08-05T17:42:06 PDT" duration-ms="7008">
    <groups>
    </groups>
    <test started-at="2022-08-05T17:41:59 PDT" name="Default test" finished-at="2022-08-05T17:42:06 PDT" duration-ms="7008">
      <class name="com.amazon.AmazonwebelementsPOM">
        <test-method is-config="true" signature="beforeSuite()[pri:0, instance:com.amazon.AmazonwebelementsPOM@68999068]" started-at="2022-08-05T17:41:57 PDT" name="beforeSuite" finished-at="2022-08-05T17:41:59 PDT" duration-ms="1909" status="PASS">
          <reporter-output>
          </reporter-output>
        </test-method> <!-- beforeSuite -->
        <test-method is-config="true" signature="beforeTest()[pri:0, instance:com.amazon.AmazonwebelementsPOM@68999068]" started-at="2022-08-05T17:41:59 PDT" name="beforeTest" finished-at="2022-08-05T17:42:03 PDT" duration-ms="4353" status="PASS">
          <reporter-output>
          </reporter-output>
        </test-method> <!-- beforeTest -->
        <test-method is-config="true" signature="beforeClass()[pri:0, instance:com.amazon.AmazonwebelementsPOM@68999068]" started-at="2022-08-05T17:42:04 PDT" name="beforeClass" finished-at="2022-08-05T17:42:04 PDT" duration-ms="0" status="PASS">
          <reporter-output>
          </reporter-output>
        </test-method> <!-- beforeClass -->
        <test-method is-config="true" signature="beforeMethod()[pri:0, instance:com.amazon.AmazonwebelementsPOM@68999068]" started-at="2022-08-05T17:42:04 PDT" name="beforeMethod" finished-at="2022-08-05T17:42:04 PDT" duration-ms="0" status="PASS">
          <reporter-output>
          </reporter-output>
        </test-method> <!-- beforeMethod -->
        <test-method signature="amazonwebelements()[pri:0, instance:com.amazon.AmazonwebelementsPOM@68999068]" started-at="2022-08-05T17:42:04 PDT" name="amazonwebelements" finished-at="2022-08-05T17:42:04 PDT" duration-ms="105" status="PASS">
          <reporter-output>
          </reporter-output>
        </test-method> <!-- amazonwebelements -->
        <test-method is-config="true" signature="afterMethod()[pri:0, instance:com.amazon.AmazonwebelementsPOM@68999068]" started-at="2022-08-05T17:42:04 PDT" name="afterMethod" finished-at="2022-08-05T17:42:04 PDT" duration-ms="2" status="PASS">
          <reporter-output>
          </reporter-output>
        </test-method> <!-- afterMethod -->
        <test-method is-config="true" signature="beforeMethod()[pri:0, instance:com.amazon.AmazonwebelementsPOM@68999068]" started-at="2022-08-05T17:42:04 PDT" name="beforeMethod" finished-at="2022-08-05T17:42:04 PDT" duration-ms="2" status="PASS">
          <reporter-output>
          </reporter-output>
        </test-method> <!-- beforeMethod -->
        <test-method signature="sendproductname()[pri:1, instance:com.amazon.AmazonwebelementsPOM@68999068]" started-at="2022-08-05T17:42:04 PDT" name="sendproductname" finished-at="2022-08-05T17:42:06 PDT" duration-ms="2396" status="PASS">
          <reporter-output>
          </reporter-output>
        </test-method> <!-- sendproductname -->
        <test-method is-config="true" signature="afterMethod()[pri:0, instance:com.amazon.AmazonwebelementsPOM@68999068]" started-at="2022-08-05T17:42:06 PDT" name="afterMethod" finished-at="2022-08-05T17:42:06 PDT" duration-ms="8" status="PASS">
          <reporter-output>
          </reporter-output>
        </test-method> <!-- afterMethod -->
        <test-method is-config="true" signature="afterClass()[pri:0, instance:com.amazon.AmazonwebelementsPOM@68999068]" started-at="2022-08-05T17:42:06 PDT" name="afterClass" finished-at="2022-08-05T17:42:06 PDT" duration-ms="0" status="PASS">
          <reporter-output>
          </reporter-output>
        </test-method> <!-- afterClass -->
        <test-method is-config="true" signature="afterTest()[pri:0, instance:com.amazon.AmazonwebelementsPOM@68999068]" started-at="2022-08-05T17:42:06 PDT" name="afterTest" finished-at="2022-08-05T17:42:06 PDT" duration-ms="0" status="PASS">
          <reporter-output>
          </reporter-output>
        </test-method> <!-- afterTest -->
        <test-method is-config="true" signature="afterSuite()[pri:0, instance:com.amazon.AmazonwebelementsPOM@68999068]" started-at="2022-08-05T17:42:06 PDT" name="afterSuite" finished-at="2022-08-05T17:42:06 PDT" duration-ms="0" status="PASS">
          <reporter-output>
          </reporter-output>
        </test-method> <!-- afterSuite -->
      </class> <!-- com.amazon.AmazonwebelementsPOM -->
    </test> <!-- Default test -->
  </suite> <!-- Default suite -->
</testng-results>
